\BOOKMARK [1][-]{section.1}{\376\377\137\025\212\000}{}% 1
\BOOKMARK [1][-]{section.2}{\376\377\170\024\172\166\163\260\162\266\122\006\147\220}{}% 2
\BOOKMARK [2][-]{subsection.2.1}{\376\377\000A\000I\142\200\147\057\127\050\147\120\145\231\171\321\133\146\116\055\166\204\136\224\165\050}{section.2}% 3
\BOOKMARK [2][-]{subsection.2.2}{\376\377\224\242\224\301\147\120\145\231\140\047\200\375\230\204\155\113\170\024\172\166}{section.2}% 4
\BOOKMARK [2][-]{subsection.2.3}{\376\377\135\345\202\172\123\302\145\160\137\161\124\315\122\006\147\220}{section.2}% 5
\BOOKMARK [2][-]{subsection.2.4}{\376\377\170\024\172\166\163\260\162\266\140\073\176\323}{section.2}% 6
\BOOKMARK [1][-]{section.3}{\376\377\170\024\172\166\145\271\154\325\213\276\213\241}{}% 7
\BOOKMARK [2][-]{subsection.3.1}{\376\377\170\024\172\166\140\073\117\123\150\106\147\266}{section.3}% 8
\BOOKMARK [2][-]{subsection.3.2}{\376\377\145\160\143\156\147\145\156\220\116\016\162\171\137\201\135\345\172\013}{section.3}% 9
\BOOKMARK [3][-]{subsubsection.3.2.1}{\376\377\145\160\143\156\147\145\156\220}{subsection.3.2}% 10
\BOOKMARK [3][-]{subsubsection.3.2.2}{\376\377\162\171\137\201\143\320\123\326}{subsection.3.2}% 11
\BOOKMARK [3][-]{subsubsection.3.2.3}{\376\377\145\160\143\156\156\005\155\027\116\016\230\204\131\004\164\006}{subsection.3.2}% 12
\BOOKMARK [2][-]{subsection.3.3}{\376\377\162\171\137\201\220\011\142\351}{section.3}% 13
\BOOKMARK [2][-]{subsection.3.4}{\376\377\147\072\126\150\133\146\116\140\152\041\127\213\213\276\213\241}{section.3}% 14
\BOOKMARK [3][-]{subsubsection.3.4.1}{\376\377\226\306\142\020\133\146\116\140\145\271\154\325}{subsection.3.4}% 15
\BOOKMARK [3][-]{subsubsection.3.4.2}{\376\377\145\057\143\001\124\021\221\317\126\336\137\122\377\010\000S\000V\000R\377\011}{subsection.3.4}% 16
\BOOKMARK [3][-]{subsubsection.3.4.3}{\376\377\155\361\136\246\133\146\116\140\152\041\127\213\377\010\000T\000a\000b\000N\000e\000t\377\011}{subsection.3.4}% 17
\BOOKMARK [2][-]{subsection.3.5}{\376\377\152\041\127\213\213\304\117\060\145\271\154\325}{section.3}% 18
\BOOKMARK [2][-]{subsection.3.6}{\376\377\152\041\127\213\211\343\221\312\116\016\176\323\147\234\122\006\147\220}{section.3}% 19
\BOOKMARK [3][-]{subsubsection.3.6.1}{\376\377\162\171\137\201\221\315\211\201\140\047\122\006\147\220}{subsection.3.6}% 20
\BOOKMARK [3][-]{subsubsection.3.6.2}{\376\377\220\350\122\006\117\235\215\126\126\376\377\010\000P\000D\000P\377\011\122\006\147\220}{subsection.3.6}% 21
\BOOKMARK [1][-]{section.4}{\376\377\133\236\232\214\176\323\147\234\116\016\122\006\147\220}{}% 22
\BOOKMARK [2][-]{subsection.4.1}{\376\377\145\160\143\156\131\004\164\006\176\323\147\234}{section.4}% 23
\BOOKMARK [2][-]{subsection.4.2}{\376\377\152\041\127\213\140\047\200\375\133\371\153\324}{section.4}% 24
\BOOKMARK [2][-]{subsection.4.3}{\376\377\213\346\176\306\140\047\200\375\143\007\150\007}{section.4}% 25
\BOOKMARK [2][-]{subsection.4.4}{\376\377\162\171\137\201\221\315\211\201\140\047\122\006\147\220}{section.4}% 26
\BOOKMARK [2][-]{subsection.4.5}{\376\377\135\345\202\172\123\302\145\160\137\161\124\315\122\006\147\220}{section.4}% 27
\BOOKMARK [2][-]{subsection.4.6}{\376\377\152\041\127\213\140\047\200\375\140\073\176\323}{section.4}% 28
\BOOKMARK [1][-]{section.5}{\376\377\213\250\213\272}{}% 29
\BOOKMARK [2][-]{subsection.5.1}{\376\377\145\271\154\325\117\030\122\277}{section.5}% 30
\BOOKMARK [2][-]{subsection.5.2}{\376\377\170\024\172\166\134\100\226\120}{section.5}% 31
\BOOKMARK [2][-]{subsection.5.3}{\376\377\147\052\147\145\170\024\172\166\145\271\124\021}{section.5}% 32
\BOOKMARK [1][-]{section.6}{\376\377\176\323\213\272}{}% 33
